  SignatureVerifier.cpp
  ProtectedOutput.cpp
c:\program files (x86)\microsoft visual studio 14.0\vc\include\xutility(2372): warning C4996: 'std::copy::_Unchecked_iterators::_Deprecate': Call to 'std::copy' with parameters that may be unsafe - this call relies on the caller to check that the passed values are correct. To disable this warning, use -D_SCL_SECURE_NO_WARNINGS. See documentation on how to use Visual C++ 'Checked Iterators'
  c:\program files (x86)\microsoft visual studio 14.0\vc\include\xutility(2372): note: see declaration of 'std::copy::_Unchecked_iterators::_Deprecate'
  c:\project\ourproject\project1\secureimagehost\secureimagelibrary\protectedoutput.cpp(426): note: see reference to function template instantiation '_OutIt std::copy<byte*,byte*>(_InIt,_InIt,_OutIt)' being compiled
          with
          [
              _OutIt=byte *,
              _InIt=byte *
          ]
  PavpHandler.cpp
  interface.cpp
  DelayLoader.cpp
  Generating Code...
     Creating library C:\Project\OurProject\Project1\SecureImageHost\Amulet\SecureImageLibrary.lib and object C:\Project\OurProject\Project1\SecureImageHost\Amulet\SecureImageLibrary.exp
CryptoDataGen_d.lib(bignumber.obj) : warning LNK4099: PDB 'CryptoDataGen.pdb' was not found with 'CryptoDataGen_d.lib(bignumber.obj)' or at 'C:\Project\OurProject\Project1\SecureImageHost\Amulet\CryptoDataGen.pdb'; linking object as if no debug info
CryptoDataGen_d.lib(crypt_data_gen.obj) : warning LNK4099: PDB 'CryptoDataGen.pdb' was not found with 'CryptoDataGen_d.lib(crypt_data_gen.obj)' or at 'C:\Project\OurProject\Project1\SecureImageHost\Amulet\CryptoDataGen.pdb'; linking object as if no debug info
CryptoDataGen_d.lib(ecpf.obj) : warning LNK4099: PDB 'CryptoDataGen.pdb' was not found with 'CryptoDataGen_d.lib(ecpf.obj)' or at 'C:\Project\OurProject\Project1\SecureImageHost\Amulet\CryptoDataGen.pdb'; linking object as if no debug info
CryptoDataGen_d.lib(intel_auxiliary_device.obj) : warning LNK4099: PDB 'CryptoDataGen.pdb' was not found with 'CryptoDataGen_d.lib(intel_auxiliary_device.obj)' or at 'C:\Project\OurProject\Project1\SecureImageHost\Amulet\CryptoDataGen.pdb'; linking object as if no debug info
CryptoDataGen_d.lib(intel_pavp_device.obj) : warning LNK4099: PDB 'CryptoDataGen.pdb' was not found with 'CryptoDataGen_d.lib(intel_pavp_device.obj)' or at 'C:\Project\OurProject\Project1\SecureImageHost\Amulet\CryptoDataGen.pdb'; linking object as if no debug info
CryptoDataGen_d.lib(pf.obj) : warning LNK4099: PDB 'CryptoDataGen.pdb' was not found with 'CryptoDataGen_d.lib(pf.obj)' or at 'C:\Project\OurProject\Project1\SecureImageHost\Amulet\CryptoDataGen.pdb'; linking object as if no debug info
CryptoDataGen_d.lib(sigma_crypto_utils.obj) : warning LNK4099: PDB 'CryptoDataGen.pdb' was not found with 'CryptoDataGen_d.lib(sigma_crypto_utils.obj)' or at 'C:\Project\OurProject\Project1\SecureImageHost\Amulet\CryptoDataGen.pdb'; linking object as if no debug info
  ProtectedOutputLibrary.vcxproj -> C:\Project\OurProject\Project1\SecureImageHost\Amulet\SecureImageLibrary.dll
  ProtectedOutputLibrary.vcxproj -> C:\Project\OurProject\Project1\SecureImageHost\Amulet\SecureImageLibrary.pdb (Full PDB)
