c:\project\ourproject\project1\secureimagehost\protectedoutputlibrary\amulet\vc140.pdb
c:\project\ourproject\project1\secureimagehost\protectedoutputlibrary\amulet\vc140.idb
c:\project\ourproject\project1\secureimagehost\protectedoutputlibrary\amulet\delayloader.obj
c:\project\ourproject\project1\secureimagehost\protectedoutputlibrary\amulet\signatureverifier.obj
c:\project\ourproject\project1\secureimagehost\secureimagelibrary\amulet\vc140.pdb
c:\project\ourproject\project1\secureimagehost\secureimagelibrary\amulet\vc140.idb
c:\project\ourproject\project1\secureimagehost\secureimagelibrary\amulet\delayloader.obj
c:\project\ourproject\project1\secureimagehost\secureimagelibrary\amulet\signatureverifier.obj
c:\project\ourproject\project1\secureimagehost\secureimagelibrary\amulet\interface.obj
c:\project\ourproject\project1\secureimagehost\secureimagelibrary\amulet\pavphandler.obj
c:\project\ourproject\project1\secureimagehost\secureimagelibrary\amulet\protectedoutput.obj
c:\project\ourproject\project1\secureimagehost\amulet\secureimagelibrary.ilk
c:\project\ourproject\project1\secureimagehost\amulet\secureimagelibrary.dll
c:\project\ourproject\project1\secureimagehost\amulet\secureimagelibrary.pdb
c:\project\ourproject\project1\secureimagehost\amulet\secureimagelibrary.lib
c:\project\ourproject\project1\secureimagehost\amulet\secureimagelibrary.exp
c:\project\ourproject\project1\secureimagehost\secureimagelibrary\amulet\secureim.b33c60fb.tlog\cl.command.1.tlog
c:\project\ourproject\project1\secureimagehost\secureimagelibrary\amulet\secureim.b33c60fb.tlog\cl.read.1.tlog
c:\project\ourproject\project1\secureimagehost\secureimagelibrary\amulet\secureim.b33c60fb.tlog\cl.write.1.tlog
c:\project\ourproject\project1\secureimagehost\secureimagelibrary\amulet\secureim.b33c60fb.tlog\link.command.1.tlog
c:\project\ourproject\project1\secureimagehost\secureimagelibrary\amulet\secureim.b33c60fb.tlog\link.read.1.tlog
c:\project\ourproject\project1\secureimagehost\secureimagelibrary\amulet\secureim.b33c60fb.tlog\link.write.1.tlog
c:\project\ourproject\project1\secureimagehost\secureimagelibrary\amulet\secureim.b33c60fb.tlog\secureimagelibrary.write.1u.tlog
